[2025-06-14T11:17:34.133+0200] {local_task_job_runner.py:120} INFO - ::group::Pre task execution logs
[2025-06-14T11:17:34.186+0200] {taskinstance.py:2073} INFO - Dependencies all met for dep_context=non-requeueable deps ti=<TaskInstance: macro_trading_dag.fetch_data scheduled__2025-06-13T08:00:00+00:00 [queued]>
[2025-06-14T11:17:34.194+0200] {taskinstance.py:2073} INFO - Dependencies all met for dep_context=requeueable deps ti=<TaskInstance: macro_trading_dag.fetch_data scheduled__2025-06-13T08:00:00+00:00 [queued]>
[2025-06-14T11:17:34.194+0200] {taskinstance.py:2303} INFO - Starting attempt 1 of 3
[2025-06-14T11:17:34.396+0200] {taskinstance.py:2327} INFO - Executing <Task(PythonOperator): fetch_data> on 2025-06-13 08:00:00+00:00
[2025-06-14T11:17:34.419+0200] {logging_mixin.py:188} WARNING - /home/leoja/airflow/airflow_venv/lib/python3.12/site-packages/airflow/task/task_runner/standard_task_runner.py:61 DeprecationWarning: This process (pid=547484) is multi-threaded, use of fork() may lead to deadlocks in the child.
[2025-06-14T11:17:34.421+0200] {standard_task_runner.py:63} INFO - Started process 547514 to run task
[2025-06-14T11:17:34.428+0200] {standard_task_runner.py:90} INFO - Running: ['airflow', 'tasks', 'run', 'macro_trading_dag', 'fetch_data', 'scheduled__2025-06-13T08:00:00+00:00', '--job-id', '538', '--raw', '--subdir', 'DAGS_FOLDER/macro_trading_dag.py', '--cfg-path', '/tmp/tmpru1hjzqs']
[2025-06-14T11:17:34.429+0200] {standard_task_runner.py:91} INFO - Job 538: Subtask fetch_data
[2025-06-14T11:17:34.741+0200] {task_command.py:426} INFO - Running <TaskInstance: macro_trading_dag.fetch_data scheduled__2025-06-13T08:00:00+00:00 [running]> on host N15I711-16GR512.localdomain
[2025-06-14T11:17:35.316+0200] {taskinstance.py:2644} INFO - Exporting env vars: AIRFLOW_CTX_DAG_OWNER='airflow' AIRFLOW_CTX_DAG_ID='macro_trading_dag' AIRFLOW_CTX_TASK_ID='fetch_data' AIRFLOW_CTX_EXECUTION_DATE='2025-06-13T08:00:00+00:00' AIRFLOW_CTX_TRY_NUMBER='1' AIRFLOW_CTX_DAG_RUN_ID='scheduled__2025-06-13T08:00:00+00:00'
[2025-06-14T11:17:35.318+0200] {taskinstance.py:430} INFO - ::endgroup::
[2025-06-14T11:17:45.432+0200] {taskinstance.py:441} INFO - ::group::Post task execution logs
[2025-06-14T11:17:45.433+0200] {taskinstance.py:2890} ERROR - Task failed with exception
Traceback (most recent call last):
  File "/usr/lib/python3.12/urllib/request.py", line 1344, in do_open
    h.request(req.get_method(), req.selector, req.data, headers,
  File "/usr/lib/python3.12/http/client.py", line 1336, in request
    self._send_request(method, url, body, headers, encode_chunked)
  File "/usr/lib/python3.12/http/client.py", line 1382, in _send_request
    self.endheaders(body, encode_chunked=encode_chunked)
  File "/usr/lib/python3.12/http/client.py", line 1331, in endheaders
    self._send_output(message_body, encode_chunked=encode_chunked)
  File "/usr/lib/python3.12/http/client.py", line 1091, in _send_output
    self.send(msg)
  File "/usr/lib/python3.12/http/client.py", line 1035, in send
    self.connect()
  File "/usr/lib/python3.12/http/client.py", line 1470, in connect
    super().connect()
  File "/usr/lib/python3.12/http/client.py", line 1001, in connect
    self.sock = self._create_connection(
                ^^^^^^^^^^^^^^^^^^^^^^^^
  File "/usr/lib/python3.12/socket.py", line 828, in create_connection
    for res in getaddrinfo(host, port, 0, SOCK_STREAM):
               ^^^^^^^^^^^^^^^^^^^^^^^^^^^^^^^^^^^^^^^
  File "/usr/lib/python3.12/socket.py", line 963, in getaddrinfo
    for res in _socket.getaddrinfo(host, port, family, type, proto, flags):
               ^^^^^^^^^^^^^^^^^^^^^^^^^^^^^^^^^^^^^^^^^^^^^^^^^^^^^^^^^^^
socket.gaierror: [Errno -3] Temporary failure in name resolution

During handling of the above exception, another exception occurred:

Traceback (most recent call last):
  File "/home/leoja/airflow/airflow_venv/lib/python3.12/site-packages/airflow/models/taskinstance.py", line 465, in _execute_task
    result = _execute_callable(context=context, **execute_callable_kwargs)
             ^^^^^^^^^^^^^^^^^^^^^^^^^^^^^^^^^^^^^^^^^^^^^^^^^^^^^^^^^^^^^
  File "/home/leoja/airflow/airflow_venv/lib/python3.12/site-packages/airflow/models/taskinstance.py", line 432, in _execute_callable
    return execute_callable(context=context, **execute_callable_kwargs)
           ^^^^^^^^^^^^^^^^^^^^^^^^^^^^^^^^^^^^^^^^^^^^^^^^^^^^^^^^^^^^
  File "/home/leoja/airflow/airflow_venv/lib/python3.12/site-packages/airflow/models/baseoperator.py", line 400, in wrapper
    return func(self, *args, **kwargs)
           ^^^^^^^^^^^^^^^^^^^^^^^^^^^
  File "/home/leoja/airflow/airflow_venv/lib/python3.12/site-packages/airflow/operators/python.py", line 235, in execute
    return_value = self.execute_callable()
                   ^^^^^^^^^^^^^^^^^^^^^^^
  File "/home/leoja/airflow/airflow_venv/lib/python3.12/site-packages/airflow/operators/python.py", line 252, in execute_callable
    return self.python_callable(*self.op_args, **self.op_kwargs)
           ^^^^^^^^^^^^^^^^^^^^^^^^^^^^^^^^^^^^^^^^^^^^^^^^^^^^^
  File "/home/leoja/airflow/dags/macro_trading_dag.py", line 89, in fetch_and_save_data
    new_data = fred.get_series(series_id, observation_start=start_date)
               ^^^^^^^^^^^^^^^^^^^^^^^^^^^^^^^^^^^^^^^^^^^^^^^^^^^^^^^^
  File "/home/leoja/airflow/airflow_venv/lib/python3.12/site-packages/fredapi/fred.py", line 151, in get_series
    root = self.__fetch_data(url)
           ^^^^^^^^^^^^^^^^^^^^^^
  File "/home/leoja/airflow/airflow_venv/lib/python3.12/site-packages/fredapi/fred.py", line 84, in __fetch_data
    response = urlopen(url)
               ^^^^^^^^^^^^
  File "/usr/lib/python3.12/urllib/request.py", line 215, in urlopen
    return opener.open(url, data, timeout)
           ^^^^^^^^^^^^^^^^^^^^^^^^^^^^^^^
  File "/usr/lib/python3.12/urllib/request.py", line 515, in open
    response = self._open(req, data)
               ^^^^^^^^^^^^^^^^^^^^^
  File "/usr/lib/python3.12/urllib/request.py", line 532, in _open
    result = self._call_chain(self.handle_open, protocol, protocol +
             ^^^^^^^^^^^^^^^^^^^^^^^^^^^^^^^^^^^^^^^^^^^^^^^^^^^^^^^
  File "/usr/lib/python3.12/urllib/request.py", line 492, in _call_chain
    result = func(*args)
             ^^^^^^^^^^^
  File "/usr/lib/python3.12/urllib/request.py", line 1392, in https_open
    return self.do_open(http.client.HTTPSConnection, req,
           ^^^^^^^^^^^^^^^^^^^^^^^^^^^^^^^^^^^^^^^^^^^^^^
  File "/usr/lib/python3.12/urllib/request.py", line 1347, in do_open
    raise URLError(err)
urllib.error.URLError: <urlopen error [Errno -3] Temporary failure in name resolution>
[2025-06-14T11:17:45.474+0200] {taskinstance.py:1205} INFO - Marking task as UP_FOR_RETRY. dag_id=macro_trading_dag, task_id=fetch_data, execution_date=20250613T080000, start_date=20250614T091734, end_date=20250614T091745
[2025-06-14T11:17:45.499+0200] {standard_task_runner.py:110} ERROR - Failed to execute job 538 for task fetch_data (<urlopen error [Errno -3] Temporary failure in name resolution>; 547514)
[2025-06-14T11:17:45.528+0200] {local_task_job_runner.py:240} INFO - Task exited with return code 1
[2025-06-14T11:17:45.546+0200] {taskinstance.py:3482} INFO - 0 downstream tasks scheduled from follow-on schedule check
[2025-06-14T11:17:45.547+0200] {local_task_job_runner.py:222} INFO - ::endgroup::
